#
# There is insufficient memory for the Java Runtime Environment to continue.
# Native memory allocation (malloc) failed to allocate 1048576 bytes for AllocateHeap
# Possible reasons:
#   The system is out of physical RAM or swap space
#   The process is running with CompressedOops enabled, and the Java Heap may be blocking the growth of the native heap
# Possible solutions:
#   Reduce memory load on the system
#   Increase physical memory or swap space
#   Check if swap backing store is full
#   Decrease Java heap size (-Xmx/-Xms)
#   Decrease number of Java threads
#   Decrease Java thread stack sizes (-Xss)
#   Set larger code cache with -XX:ReservedCodeCacheSize=
#   JVM is running with Unscaled Compressed Oops mode in which the Java heap is
#     placed in the first 4GB address space. The Java Heap base address is the
#     maximum limit for the native heap growth. Please use -XX:HeapBaseMinAddress
#     to set the Java Heap base and to place the Java Heap above 4GB virtual address.
# This output file may be truncated or incomplete.
#
#  Out of Memory Error (memory/allocation.inline.hpp:61), pid=17560, tid=0x0000000000004600
#
# JRE version:  (8.0_261-b12) (build )
# Java VM: Java HotSpot(TM) 64-Bit Server VM (25.261-b12 mixed mode windows-amd64 compressed oops)
# Failed to write core dump. Minidumps are not enabled by default on client versions of Windows
#

---------------  T H R E A D  ---------------

Current thread (0x000002258db03800):  JavaThread "Unknown thread" [_thread_in_vm, id=17920, stack(0x0000006016100000,0x0000006016200000)]

Stack: [0x0000006016100000,0x0000006016200000]
Native frames: (J=compiled Java code, j=interpreted, Vv=VM code, C=native code)
V  [jvm.dll+0x33e5f9]
V  [jvm.dll+0x2850e2]
V  [jvm.dll+0x285d8d]
V  [jvm.dll+0x27c895]
V  [jvm.dll+0x1565d]
V  [jvm.dll+0x3d9117]
V  [jvm.dll+0x3d5557]
V  [jvm.dll+0x10c61f]
V  [jvm.dll+0x21a00b]
V  [jvm.dll+0x248687]
V  [jvm.dll+0x172116]
C  [javaw.exe+0x2322]
C  [javaw.exe+0x16564]
C  [KERNEL32.DLL+0x17c24]
C  [ntdll.dll+0x6d4d1]


---------------  P R O C E S S  ---------------

Java Threads: ( => current thread )

Other Threads:

=>0x000002258db03800 (exited) JavaThread "Unknown thread" [_thread_in_vm, id=17920, stack(0x0000006016100000,0x0000006016200000)]

VM state:not at safepoint (normal execution)

VM Mutex/Monitor currently owned by a thread: None

heap address: 0x0000000081e00000, size: 2018 MB, Compressed Oops mode: 32-bit
Narrow klass base: 0x0000000000000000, Narrow klass shift: 3
Compressed class space size: 1073741824 Address: 0x0000000100000000

Heap:
 PSYoungGen      total 38400K, used 665K [0x00000000d5f80000, 0x00000000d8a00000, 0x0000000100000000)
  eden space 33280K, 2% used [0x00000000d5f80000,0x00000000d6026670,0x00000000d8000000)
  from space 5120K, 0% used [0x00000000d8500000,0x00000000d8500000,0x00000000d8a00000)
  to   space 5120K, 0% used [0x00000000d8000000,0x00000000d8000000,0x00000000d8500000)
 ParOldGen       total 87552K, used 0K [0x0000000081e00000, 0x0000000087380000, 0x00000000d5f80000)
  object space 87552K, 0% used [0x0000000081e00000,0x0000000081e00000,0x0000000087380000)
 Metaspace       used 752K, capacity 4480K, committed 4480K, reserved 1056768K
  class space    used 76K, capacity 384K, committed 384K, reserved 1048576K

Card table byte_map: [0x000002259e980000,0x000002259ed80000] byte_map_base: 0x000002259e571000

Marking Bits: (ParMarkBitMap*) 0x0000000055d64fb0
 Begin Bits: [0x000002259f030000, 0x00000225a0fb8000)
 End Bits:   [0x00000225a0fb8000, 0x00000225a2f40000)

Polling page: 0x000002258dac0000

CodeCache: size=245760Kb used=328Kb max_used=328Kb free=245431Kb
 bounds [0x000002258f5c0000, 0x000002258f830000, 0x000002259e5c0000]
 total_blobs=58 nmethods=0 adapters=38
 compilation: enabled

Compilation events (0 events):
No events

GC Heap History (0 events):
No events

Deoptimization events (0 events):
No events

Classes redefined (0 events):
No events

Internal exceptions (0 events):
No events

Events (10 events):
Event: 0.143 loading class java/lang/Short
Event: 0.143 loading class java/lang/Short done
Event: 0.143 loading class java/lang/Integer
Event: 0.143 loading class java/lang/Integer done
Event: 0.143 loading class java/lang/Long
Event: 0.143 loading class java/lang/Long done
Event: 0.144 loading class java/lang/NullPointerException
Event: 0.144 loading class java/lang/NullPointerException done
Event: 0.144 loading class java/lang/ArithmeticException
Event: 0.144 loading class java/lang/ArithmeticException done


Dynamic libraries:
0x00007ff713b00000 - 0x00007ff713b47000 	C:\Program Files\Java\jre1.8.0_261\bin\javaw.exe
0x00007ff9296a0000 - 0x00007ff929890000 	C:\WINDOWS\SYSTEM32\ntdll.dll
0x00007ff927750000 - 0x00007ff927802000 	C:\WINDOWS\System32\KERNEL32.DLL
0x00007ff926720000 - 0x00007ff9269c5000 	C:\WINDOWS\System32\KERNELBASE.dll
0x00007ff928830000 - 0x00007ff9288d3000 	C:\WINDOWS\System32\ADVAPI32.dll
0x00007ff927f00000 - 0x00007ff927f9e000 	C:\WINDOWS\System32\msvcrt.dll
0x00007ff928a20000 - 0x00007ff928ab7000 	C:\WINDOWS\System32\sechost.dll
0x00007ff928c80000 - 0x00007ff928da0000 	C:\WINDOWS\System32\RPCRT4.dll
0x00007ff927810000 - 0x00007ff9279a4000 	C:\WINDOWS\System32\USER32.dll
0x00007ff927600000 - 0x00007ff927621000 	C:\WINDOWS\System32\win32u.dll
0x00007ff929110000 - 0x00007ff929136000 	C:\WINDOWS\System32\GDI32.dll
0x00007ff927260000 - 0x00007ff9273f6000 	C:\WINDOWS\System32\gdi32full.dll
0x00007ff926620000 - 0x00007ff9266be000 	C:\WINDOWS\System32\msvcp_win.dll
0x00007ff9269d0000 - 0x00007ff926aca000 	C:\WINDOWS\System32\ucrtbase.dll
0x00007ff9122e0000 - 0x00007ff912564000 	C:\WINDOWS\WinSxS\amd64_microsoft.windows.common-controls_6595b64144ccf1df_6.0.18362.1198_none_9e820b57e45ad92f\COMCTL32.dll
0x00007ff9292a0000 - 0x00007ff9295d5000 	C:\WINDOWS\System32\combase.dll
0x00007ff9276d0000 - 0x00007ff927750000 	C:\WINDOWS\System32\bcryptPrimitives.dll
0x00007ff929000000 - 0x00007ff92902e000 	C:\WINDOWS\System32\IMM32.DLL
0x00007ff920840000 - 0x00007ff920855000 	C:\Program Files\Java\jre1.8.0_261\bin\vcruntime140.dll
0x00007ff90cbb0000 - 0x00007ff90cc4b000 	C:\Program Files\Java\jre1.8.0_261\bin\msvcp140.dll
0x0000000055570000 - 0x0000000055ddc000 	C:\Program Files\Java\jre1.8.0_261\bin\server\jvm.dll
0x00007ff929100000 - 0x00007ff929108000 	C:\WINDOWS\System32\PSAPI.DLL
0x00007ff91f940000 - 0x00007ff91f949000 	C:\WINDOWS\SYSTEM32\WSOCK32.dll
0x00007ff928070000 - 0x00007ff9280df000 	C:\WINDOWS\System32\WS2_32.dll
0x00007ff921e80000 - 0x00007ff921e8a000 	C:\WINDOWS\SYSTEM32\VERSION.dll
0x00007ff91dc80000 - 0x00007ff91dca4000 	C:\WINDOWS\SYSTEM32\WINMM.dll
0x00007ff91da40000 - 0x00007ff91da6d000 	C:\WINDOWS\SYSTEM32\winmmbase.dll
0x00007ff927660000 - 0x00007ff9276aa000 	C:\WINDOWS\System32\cfgmgr32.dll
0x00007ff9265e0000 - 0x00007ff9265f1000 	C:\WINDOWS\System32\kernel.appcore.dll
0x00007ff913b70000 - 0x00007ff913b80000 	C:\Program Files\Java\jre1.8.0_261\bin\verify.dll
0x00007ff8fb050000 - 0x00007ff8fb07b000 	C:\Program Files\Java\jre1.8.0_261\bin\java.dll
0x00007ff8fb120000 - 0x00007ff8fb138000 	C:\Program Files\Java\jre1.8.0_261\bin\zip.dll
0x00007ff921120000 - 0x00007ff921314000 	C:\WINDOWS\SYSTEM32\dbghelp.dll

VM Arguments:
jvm_args: -Dfile.encoding=UTF-8 
java_command: Condition.Quiz_Condition04
java_class_path (initial): C:\_java\workspace\work01\bin
Launcher Type: SUN_STANDARD

Environment Variables:
PATH=C:/Program Files/Java/jre1.8.0_261/bin/server;C:/Program Files/Java/jre1.8.0_261/bin;C:/Program Files/Java/jre1.8.0_261/lib/amd64;C:\Program Files (x86)\Common Files\Oracle\Java\javapath;C:\Program Files (x86)\NAT Service;C:\WINDOWS\system32;C:\WINDOWS;C:\WINDOWS\System32\Wbem;C:\WINDOWS\System32\WindowsPowerShell\v1.0\;C:\WINDOWS\System32\OpenSSH\;C:\Program Files\Common Files\Autodesk Shared\;C:\Program Files (x86)\Autodesk\Backburner\;C:\Users\정한별\AppData\Local\Microsoft\WindowsApps;C:\Users\정한별\AppData\Local\atom-beta\bin;C:\Users\정한별\AppData\Local\atom\bin;C:\Users\정한별\AppData\Local\Microsoft\WindowsApps;C:\Program Files\Bandizip\;C:\_java\eclipse;
USERNAME=정한별
OS=Windows_NT
PROCESSOR_IDENTIFIER=Intel64 Family 6 Model 94 Stepping 3, GenuineIntel



---------------  S Y S T E M  ---------------

OS: Windows 10.0 , 64 bit Build 18362 (10.0.18362.1110)

CPU:total 8 (initial active 8) (4 cores per cpu, 2 threads per core) family 6 model 94 stepping 3, cmov, cx8, fxsr, mmx, sse, sse2, sse3, ssse3, sse4.1, sse4.2, popcnt, avx, avx2, aes, clmul, erms, rtm, 3dnowpref, lzcnt, ht, tsc, tscinvbit, bmi1, bmi2, adx

Memory: 4k page, physical 8265244k(1787324k free), swap 23817992k(137080k free)

vm_info: Java HotSpot(TM) 64-Bit Server VM (25.261-b12) for windows-amd64 JRE (1.8.0_261-b12), built on Jun 18 2020 06:56:32 by "" with unknown MS VC++:1916

time: Sun Nov 15 17:15:12 2020
timezone: ´eCN¹I±¹ C￥AØ½A
elapsed time: 0 seconds (0d 0h 0m 0s)

